# JRE version: 7.0_11-b21
# Java VM: Java HotSpot(TM) 64-Bit Server VM (23.6-b04 mixed mode windows-amd64 compressed oops)
Heap
 PSYoungGen      total 86720K, used 74465K [0x00000000fa000000, 0x00000000ffee0000, 0x0000000100000000)
  eden space 76864K, 90% used [0x00000000fa000000,0x00000000fe437640,0x00000000feb10000)
  from space 9856K, 46% used [0x00000000feb10000,0x00000000fef910e0,0x00000000ff4b0000)
  to   space 9472K, 0% used [0x00000000ff5a0000,0x00000000ff5a0000,0x00000000ffee0000)
 ParOldGen       total 89216K, used 59461K [0x00000000e8000000, 0x00000000ed720000, 0x00000000fa000000)
  object space 89216K, 66% used [0x00000000e8000000,0x00000000eba114b8,0x00000000ed720000)
 PSPermGen       total 82112K, used 62414K [0x00000000e0000000, 0x00000000e5030000, 0x00000000e8000000)
  object space 82112K, 76% used [0x00000000e0000000,0x00000000e3cf3840,0x00000000e5030000)
GC Heap History (10 events):
Event: 41.390 GC heap before
{Heap before GC invocations=43 (full 2):
 PSYoungGen      total 85568K, used 77828K [0x00000000fa000000, 0x0000000100000000, 0x0000000100000000)
  eden space 73536K, 100% used [0x00000000fa000000,0x00000000fe7d0000,0x00000000fe7d0000)
  from space 12032K, 35% used [0x00000000ff320000,0x00000000ff7510e0,0x00000000ffee0000)
  to   space 11584K, 0% used [0x00000000fe7d0000,0x00000000fe7d0000,0x00000000ff320000)
 ParOldGen       total 89216K, used 59445K [0x00000000e8000000, 0x00000000ed720000, 0x00000000fa000000)
  object space 89216K, 66% used [0x00000000e8000000,0x00000000eba0d4b8,0x00000000ed720000)
 PSPermGen       total 82112K, used 62021K [0x00000000e0000000, 0x00000000e5030000, 0x00000000e8000000)
  object space 82112K, 75% used [0x00000000e0000000,0x00000000e3c916c0,0x00000000e5030000)
Event: 41.393 GC heap after
Heap after GC invocations=43 (full 2):
 PSYoungGen      total 85120K, used 4516K [0x00000000fa000000, 0x00000000ffeb0000, 0x0000000100000000)
  eden space 73536K, 0% used [0x00000000fa000000,0x00000000fa000000,0x00000000fe7d0000)
  from space 11584K, 38% used [0x00000000fe7d0000,0x00000000fec390e0,0x00000000ff320000)
  to   space 11136K, 0% used [0x00000000ff3d0000,0x00000000ff3d0000,0x00000000ffeb0000)
 ParOldGen       total 89216K, used 59445K [0x00000000e8000000, 0x00000000ed720000, 0x00000000fa000000)
  object space 89216K, 66% used [0x00000000e8000000,0x00000000eba0d4b8,0x00000000ed720000)
 PSPermGen       total 82112K, used 62021K [0x00000000e0000000, 0x00000000e5030000, 0x00000000e8000000)
  object space 82112K, 75% used [0x00000000e0000000,0x00000000e3c916c0,0x00000000e5030000)
}
Event: 47.198 GC heap before
{Heap before GC invocations=44 (full 2):
 PSYoungGen      total 85120K, used 78052K [0x00000000fa000000, 0x00000000ffeb0000, 0x0000000100000000)
  eden space 73536K, 100% used [0x00000000fa000000,0x00000000fe7d0000,0x00000000fe7d0000)
  from space 11584K, 38% used [0x00000000fe7d0000,0x00000000fec390e0,0x00000000ff320000)
  to   space 11136K, 0% used [0x00000000ff3d0000,0x00000000ff3d0000,0x00000000ffeb0000)
 ParOldGen       total 89216K, used 59445K [0x00000000e8000000, 0x00000000ed720000, 0x00000000fa000000)
  object space 89216K, 66% used [0x00000000e8000000,0x00000000eba0d4b8,0x00000000ed720000)
 PSPermGen       total 82112K, used 62070K [0x00000000e0000000, 0x00000000e5030000, 0x00000000e8000000)
  object space 82112K, 75% used [0x00000000e0000000,0x00000000e3c9dbc8,0x00000000e5030000)
Event: 47.201 GC heap after
Heap after GC invocations=44 (full 2):
 PSYoungGen      total 86272K, used 4484K [0x00000000fa000000, 0x00000000ffeb0000, 0x0000000100000000)
  eden space 75136K, 0% used [0x00000000fa000000,0x00000000fa000000,0x00000000fe960000)
  from space 11136K, 40% used [0x00000000ff3d0000,0x00000000ff8310e0,0x00000000ffeb0000)
  to   space 10688K, 0% used [0x00000000fe960000,0x00000000fe960000,0x00000000ff3d0000)
 ParOldGen       total 89216K, used 59445K [0x00000000e8000000, 0x00000000ed720000, 0x00000000fa000000)
  object space 89216K, 66% used [0x00000000e8000000,0x00000000eba0d4b8,0x00000000ed720000)
 PSPermGen       total 82112K, used 62070K [0x00000000e0000000, 0x00000000e5030000, 0x00000000e8000000)
  object space 82112K, 75% used [0x00000000e0000000,0x00000000e3c9dbc8,0x00000000e5030000)
}
Event: 50.393 GC heap before
{Heap before GC invocations=45 (full 2):
 PSYoungGen      total 86272K, used 79620K [0x00000000fa000000, 0x00000000ffeb0000, 0x0000000100000000)
  eden space 75136K, 100% used [0x00000000fa000000,0x00000000fe960000,0x00000000fe960000)
  from space 11136K, 40% used [0x00000000ff3d0000,0x00000000ff8310e0,0x00000000ffeb0000)
  to   space 10688K, 0% used [0x00000000fe960000,0x00000000fe960000,0x00000000ff3d0000)
 ParOldGen       total 89216K, used 59445K [0x00000000e8000000, 0x00000000ed720000, 0x00000000fa000000)
  object space 89216K, 66% used [0x00000000e8000000,0x00000000eba0d4b8,0x00000000ed720000)
 PSPermGen       total 82112K, used 62084K [0x00000000e0000000, 0x00000000e5030000, 0x00000000e8000000)
  object space 82112K, 75% used [0x00000000e0000000,0x00000000e3ca1158,0x00000000e5030000)
Event: 50.396 GC heap after
Heap after GC invocations=45 (full 2):
 PSYoungGen      total 85824K, used 4772K [0x00000000fa000000, 0x00000000ffeb0000, 0x0000000100000000)
  eden space 75136K, 0% used [0x00000000fa000000,0x00000000fa000000,0x00000000fe960000)
  from space 10688K, 44% used [0x00000000fe960000,0x00000000fee090e0,0x00000000ff3d0000)
  to   space 10240K, 0% used [0x00000000ff4b0000,0x00000000ff4b0000,0x00000000ffeb0000)
 ParOldGen       total 89216K, used 59445K [0x00000000e8000000, 0x00000000ed720000, 0x00000000fa000000)
  object space 89216K, 66% used [0x00000000e8000000,0x00000000eba0d4b8,0x00000000ed720000)
 PSPermGen       total 82112K, used 62084K [0x00000000e0000000, 0x00000000e5030000, 0x00000000e8000000)
  object space 82112K, 75% used [0x00000000e0000000,0x00000000e3ca1158,0x00000000e5030000)
}
Event: 75.986 GC heap before
{Heap before GC invocations=46 (full 2):
 PSYoungGen      total 85824K, used 79908K [0x00000000fa000000, 0x00000000ffeb0000, 0x0000000100000000)
  eden space 75136K, 100% used [0x00000000fa000000,0x00000000fe960000,0x00000000fe960000)
  from space 10688K, 44% used [0x00000000fe960000,0x00000000fee090e0,0x00000000ff3d0000)
  to   space 10240K, 0% used [0x00000000ff4b0000,0x00000000ff4b0000,0x00000000ffeb0000)
 ParOldGen       total 89216K, used 59445K [0x00000000e8000000, 0x00000000ed720000, 0x00000000fa000000)
  object space 89216K, 66% used [0x00000000e8000000,0x00000000eba0d4b8,0x00000000ed720000)
 PSPermGen       total 82112K, used 62267K [0x00000000e0000000, 0x00000000e5030000, 0x00000000e8000000)
  object space 82112K, 75% used [0x00000000e0000000,0x00000000e3cceec0,0x00000000e5030000)
Event: 75.989 GC heap after
Heap after GC invocations=46 (full 2):
 PSYoungGen      total 87104K, used 4495K [0x00000000fa000000, 0x00000000ffed0000, 0x0000000100000000)
  eden space 76864K, 0% used [0x00000000fa000000,0x00000000fa000000,0x00000000feb10000)
  from space 10240K, 43% used [0x00000000ff4b0000,0x00000000ff913fa8,0x00000000ffeb0000)
  to   space 9856K, 0% used [0x00000000feb10000,0x00000000feb10000,0x00000000ff4b0000)
 ParOldGen       total 89216K, used 59453K [0x00000000e8000000, 0x00000000ed720000, 0x00000000fa000000)
  object space 89216K, 66% used [0x00000000e8000000,0x00000000eba0f4b8,0x00000000ed720000)
 PSPermGen       total 82112K, used 62267K [0x00000000e0000000, 0x00000000e5030000, 0x00000000e8000000)
  object space 82112K, 75% used [0x00000000e0000000,0x00000000e3cceec0,0x00000000e5030000)
}
Event: 95.387 GC heap before
{Heap before GC invocations=47 (full 2):
 PSYoungGen      total 87104K, used 81359K [0x00000000fa000000, 0x00000000ffed0000, 0x0000000100000000)
  eden space 76864K, 100% used [0x00000000fa000000,0x00000000feb10000,0x00000000feb10000)
  from space 10240K, 43% used [0x00000000ff4b0000,0x00000000ff913fa8,0x00000000ffeb0000)
  to   space 9856K, 0% used [0x00000000feb10000,0x00000000feb10000,0x00000000ff4b0000)
 ParOldGen       total 89216K, used 59453K [0x00000000e8000000, 0x00000000ed720000, 0x00000000fa000000)
  object space 89216K, 66% used [0x00000000e8000000,0x00000000eba0f4b8,0x00000000ed720000)
 PSPermGen       total 82112K, used 62364K [0x00000000e0000000, 0x00000000e5030000, 0x00000000e8000000)
  object space 82112K, 75% used [0x00000000e0000000,0x00000000e3ce7358,0x00000000e5030000)
Event: 95.390 GC heap after
Heap after GC invocations=47 (full 2):
 PSYoungGen      total 86720K, used 4612K [0x00000000fa000000, 0x00000000ffee0000, 0x0000000100000000)
  eden space 76864K, 0% used [0x00000000fa000000,0x00000000fa000000,0x00000000feb10000)
  from space 9856K, 46% used [0x00000000feb10000,0x00000000fef910e0,0x00000000ff4b0000)
  to   space 9472K, 0% used [0x00000000ff5a0000,0x00000000ff5a0000,0x00000000ffee0000)
 ParOldGen       total 89216K, used 59461K [0x00000000e8000000, 0x00000000ed720000, 0x00000000fa000000)
  object space 89216K, 66% used [0x00000000e8000000,0x00000000eba114b8,0x00000000ed720000)
 PSPermGen       total 82112K, used 62364K [0x00000000e0000000, 0x00000000e5030000, 0x00000000e8000000)
  object space 82112K, 75% used [0x00000000e0000000,0x00000000e3ce7358,0x00000000e5030000)
}

