# JRE version: 7.0_11-b21
# Java VM: Java HotSpot(TM) 64-Bit Server VM (23.6-b04 mixed mode windows-amd64 compressed oops)
Heap
 PSYoungGen      total 31872K, used 4314K [0x00000000fa000000, 0x00000000fc220000, 0x0000000100000000)
  eden space 31168K, 11% used [0x00000000fa000000,0x00000000fa386978,0x00000000fbe70000)
  from space 704K, 100% used [0x00000000fc170000,0x00000000fc220000,0x00000000fc220000)
  to   space 1344K, 0% used [0x00000000fbf80000,0x00000000fbf80000,0x00000000fc0d0000)
 ParOldGen       total 97984K, used 83322K [0x00000000e8000000, 0x00000000edfb0000, 0x00000000fa000000)
  object space 97984K, 85% used [0x00000000e8000000,0x00000000ed15e9d0,0x00000000edfb0000)
 PSPermGen       total 96256K, used 64963K [0x00000000e0000000, 0x00000000e5e00000, 0x00000000e8000000)
  object space 96256K, 67% used [0x00000000e0000000,0x00000000e3f70f80,0x00000000e5e00000)
GC Heap History (10 events):
Event: 2539.981 GC heap before
{Heap before GC invocations=514 (full 2):
 PSYoungGen      total 33152K, used 32704K [0x00000000fa000000, 0x00000000fc3d0000, 0x0000000100000000)
  eden space 32000K, 100% used [0x00000000fa000000,0x00000000fbf40000,0x00000000fbf40000)
  from space 1152K, 61% used [0x00000000fbf40000,0x00000000fbff0000,0x00000000fc060000)
  to   space 1152K, 0% used [0x00000000fc2b0000,0x00000000fc2b0000,0x00000000fc3d0000)
 ParOldGen       total 97984K, used 82714K [0x00000000e8000000, 0x00000000edfb0000, 0x00000000fa000000)
  object space 97984K, 84% used [0x00000000e8000000,0x00000000ed0c69d0,0x00000000edfb0000)
 PSPermGen       total 96256K, used 64945K [0x00000000e0000000, 0x00000000e5e00000, 0x00000000e8000000)
  object space 96256K, 67% used [0x00000000e0000000,0x00000000e3f6c480,0x00000000e5e00000)
Event: 2539.983 GC heap after
Heap after GC invocations=514 (full 2):
 PSYoungGen      total 32320K, used 1088K [0x00000000fa000000, 0x00000000fc3c0000, 0x0000000100000000)
  eden space 31232K, 0% used [0x00000000fa000000,0x00000000fa000000,0x00000000fbe80000)
  from space 1088K, 100% used [0x00000000fc2b0000,0x00000000fc3c0000,0x00000000fc3c0000)
  to   space 1216K, 0% used [0x00000000fc160000,0x00000000fc160000,0x00000000fc290000)
 ParOldGen       total 97984K, used 82714K [0x00000000e8000000, 0x00000000edfb0000, 0x00000000fa000000)
  object space 97984K, 84% used [0x00000000e8000000,0x00000000ed0c69d0,0x00000000edfb0000)
 PSPermGen       total 96256K, used 64945K [0x00000000e0000000, 0x00000000e5e00000, 0x00000000e8000000)
  object space 96256K, 67% used [0x00000000e0000000,0x00000000e3f6c480,0x00000000e5e00000)
}
Event: 2540.119 GC heap before
{Heap before GC invocations=515 (full 2):
 PSYoungGen      total 32320K, used 32320K [0x00000000fa000000, 0x00000000fc3c0000, 0x0000000100000000)
  eden space 31232K, 100% used [0x00000000fa000000,0x00000000fbe80000,0x00000000fbe80000)
  from space 1088K, 100% used [0x00000000fc2b0000,0x00000000fc3c0000,0x00000000fc3c0000)
  to   space 1216K, 0% used [0x00000000fc160000,0x00000000fc160000,0x00000000fc290000)
 ParOldGen       total 97984K, used 82714K [0x00000000e8000000, 0x00000000edfb0000, 0x00000000fa000000)
  object space 97984K, 84% used [0x00000000e8000000,0x00000000ed0c69d0,0x00000000edfb0000)
 PSPermGen       total 96256K, used 64945K [0x00000000e0000000, 0x00000000e5e00000, 0x00000000e8000000)
  object space 96256K, 67% used [0x00000000e0000000,0x00000000e3f6c480,0x00000000e5e00000)
Event: 2540.122 GC heap after
Heap after GC invocations=515 (full 2):
 PSYoungGen      total 34240K, used 704K [0x00000000fa000000, 0x00000000fc320000, 0x0000000100000000)
  eden space 33536K, 0% used [0x00000000fa000000,0x00000000fa000000,0x00000000fc0c0000)
  from space 704K, 100% used [0x00000000fc160000,0x00000000fc210000,0x00000000fc210000)
  to   space 1088K, 0% used [0x00000000fc210000,0x00000000fc210000,0x00000000fc320000)
 ParOldGen       total 97984K, used 82722K [0x00000000e8000000, 0x00000000edfb0000, 0x00000000fa000000)
  object space 97984K, 84% used [0x00000000e8000000,0x00000000ed0c89d0,0x00000000edfb0000)
 PSPermGen       total 96256K, used 64945K [0x00000000e0000000, 0x00000000e5e00000, 0x00000000e8000000)
  object space 96256K, 67% used [0x00000000e0000000,0x00000000e3f6c480,0x00000000e5e00000)
}
Event: 2545.977 GC heap before
{Heap before GC invocations=516 (full 2):
 PSYoungGen      total 34240K, used 34240K [0x00000000fa000000, 0x00000000fc320000, 0x0000000100000000)
  eden space 33536K, 100% used [0x00000000fa000000,0x00000000fc0c0000,0x00000000fc0c0000)
  from space 704K, 100% used [0x00000000fc160000,0x00000000fc210000,0x00000000fc210000)
  to   space 1088K, 0% used [0x00000000fc210000,0x00000000fc210000,0x00000000fc320000)
 ParOldGen       total 97984K, used 82722K [0x00000000e8000000, 0x00000000edfb0000, 0x00000000fa000000)
  object space 97984K, 84% used [0x00000000e8000000,0x00000000ed0c89d0,0x00000000edfb0000)
 PSPermGen       total 96256K, used 64945K [0x00000000e0000000, 0x00000000e5e00000, 0x00000000e8000000)
  object space 96256K, 67% used [0x00000000e0000000,0x00000000e3f6c630,0x00000000e5e00000)
Event: 2545.979 GC heap after
Heap after GC invocations=516 (full 2):
 PSYoungGen      total 33728K, used 1024K [0x00000000fa000000, 0x00000000fc310000, 0x0000000100000000)
  eden space 32704K, 0% used [0x00000000fa000000,0x00000000fa000000,0x00000000fbff0000)
  from space 1024K, 100% used [0x00000000fc210000,0x00000000fc310000,0x00000000fc310000)
  to   space 1280K, 0% used [0x00000000fc090000,0x00000000fc090000,0x00000000fc1d0000)
 ParOldGen       total 97984K, used 82722K [0x00000000e8000000, 0x00000000edfb0000, 0x00000000fa000000)
  object space 97984K, 84% used [0x00000000e8000000,0x00000000ed0c89d0,0x00000000edfb0000)
 PSPermGen       total 96256K, used 64945K [0x00000000e0000000, 0x00000000e5e00000, 0x00000000e8000000)
  object space 96256K, 67% used [0x00000000e0000000,0x00000000e3f6c630,0x00000000e5e00000)
}
Event: 2556.830 GC heap before
{Heap before GC invocations=517 (full 2):
 PSYoungGen      total 33728K, used 33728K [0x00000000fa000000, 0x00000000fc310000, 0x0000000100000000)
  eden space 32704K, 100% used [0x00000000fa000000,0x00000000fbff0000,0x00000000fbff0000)
  from space 1024K, 100% used [0x00000000fc210000,0x00000000fc310000,0x00000000fc310000)
  to   space 1280K, 0% used [0x00000000fc090000,0x00000000fc090000,0x00000000fc1d0000)
 ParOldGen       total 97984K, used 82722K [0x00000000e8000000, 0x00000000edfb0000, 0x00000000fa000000)
  object space 97984K, 84% used [0x00000000e8000000,0x00000000ed0c89d0,0x00000000edfb0000)
 PSPermGen       total 96256K, used 64946K [0x00000000e0000000, 0x00000000e5e00000, 0x00000000e8000000)
  object space 96256K, 67% used [0x00000000e0000000,0x00000000e3f6c860,0x00000000e5e00000)
Event: 2556.832 GC heap after
Heap after GC invocations=517 (full 2):
 PSYoungGen      total 32832K, used 864K [0x00000000fa000000, 0x00000000fc220000, 0x0000000100000000)
  eden space 31936K, 0% used [0x00000000fa000000,0x00000000fa000000,0x00000000fbf30000)
  from space 896K, 96% used [0x00000000fc090000,0x00000000fc168000,0x00000000fc170000)
  to   space 704K, 0% used [0x00000000fc170000,0x00000000fc170000,0x00000000fc220000)
 ParOldGen       total 97984K, used 82746K [0x00000000e8000000, 0x00000000edfb0000, 0x00000000fa000000)
  object space 97984K, 84% used [0x00000000e8000000,0x00000000ed0ce9d0,0x00000000edfb0000)
 PSPermGen       total 96256K, used 64946K [0x00000000e0000000, 0x00000000e5e00000, 0x00000000e8000000)
  object space 96256K, 67% used [0x00000000e0000000,0x00000000e3f6c860,0x00000000e5e00000)
}
Event: 2557.988 GC heap before
{Heap before GC invocations=518 (full 2):
 PSYoungGen      total 32832K, used 32800K [0x00000000fa000000, 0x00000000fc220000, 0x0000000100000000)
  eden space 31936K, 100% used [0x00000000fa000000,0x00000000fbf30000,0x00000000fbf30000)
  from space 896K, 96% used [0x00000000fc090000,0x00000000fc168000,0x00000000fc170000)
  to   space 704K, 0% used [0x00000000fc170000,0x00000000fc170000,0x00000000fc220000)
 ParOldGen       total 97984K, used 82746K [0x00000000e8000000, 0x00000000edfb0000, 0x00000000fa000000)
  object space 97984K, 84% used [0x00000000e8000000,0x00000000ed0ce9d0,0x00000000edfb0000)
 PSPermGen       total 96256K, used 64946K [0x00000000e0000000, 0x00000000e5e00000, 0x00000000e8000000)
  object space 96256K, 67% used [0x00000000e0000000,0x00000000e3f6c860,0x00000000e5e00000)
Event: 2557.992 GC heap after
Heap after GC invocations=518 (full 2):
 PSYoungGen      total 31872K, used 704K [0x00000000fa000000, 0x00000000fc220000, 0x0000000100000000)
  eden space 31168K, 0% used [0x00000000fa000000,0x00000000fa000000,0x00000000fbe70000)
  from space 704K, 100% used [0x00000000fc170000,0x00000000fc220000,0x00000000fc220000)
  to   space 1344K, 0% used [0x00000000fbf80000,0x00000000fbf80000,0x00000000fc0d0000)
 ParOldGen       total 97984K, used 83322K [0x00000000e8000000, 0x00000000edfb0000, 0x00000000fa000000)
  object space 97984K, 85% used [0x00000000e8000000,0x00000000ed15e9d0,0x00000000edfb0000)
 PSPermGen       total 96256K, used 64946K [0x00000000e0000000, 0x00000000e5e00000, 0x00000000e8000000)
  object space 96256K, 67% used [0x00000000e0000000,0x00000000e3f6c860,0x00000000e5e00000)
}

